<?xml version="1.0" encoding="UTF-8"?>
<testsuite xmlns:xsi="http://www.w3.org/2001/XMLSchema-instance" xsi:noNamespaceSchemaLocation="https://maven.apache.org/surefire/maven-surefire-plugin/xsd/surefire-test-report-3.0.xsd" version="3.0" name="TestSuite" time="56.293" tests="1" errors="0" skipped="0" failures="1">
  <properties>
    <property name="sun.desktop" value="windows"/>
    <property name="awt.toolkit" value="sun.awt.windows.WToolkit"/>
    <property name="file.encoding.pkg" value="sun.io"/>
    <property name="java.specification.version" value="1.8"/>
    <property name="sun.cpu.isalist" value="amd64"/>
    <property name="sun.jnu.encoding" value="Cp1252"/>
    <property name="java.class.path" value="D:\Google Drive\Selenium ClassRoom Training\Selenium30\Programs\mvnDemo\target\test-classes;D:\Google Drive\Selenium ClassRoom Training\Selenium30\Programs\mvnDemo\target\classes;C:\Users\Venkat\.m2\repository\org\testng\testng\7.0.0\testng-7.0.0.jar;C:\Users\Venkat\.m2\repository\com\beust\jcommander\1.72\jcommander-1.72.jar;C:\Users\Venkat\.m2\repository\io\github\bonigarcia\webdrivermanager\3.0.0\webdrivermanager-3.0.0.jar;C:\Users\Venkat\.m2\repository\org\slf4j\slf4j-api\1.7.25\slf4j-api-1.7.25.jar;C:\Users\Venkat\.m2\repository\commons-io\commons-io\2.6\commons-io-2.6.jar;C:\Users\Venkat\.m2\repository\com\google\code\gson\gson\2.8.5\gson-2.8.5.jar;C:\Users\Venkat\.m2\repository\org\apache\commons\commons-lang3\3.7\commons-lang3-3.7.jar;C:\Users\Venkat\.m2\repository\org\apache\httpcomponents\httpclient\4.5.5\httpclient-4.5.5.jar;C:\Users\Venkat\.m2\repository\org\apache\httpcomponents\httpcore\4.4.9\httpcore-4.4.9.jar;C:\Users\Venkat\.m2\repository\commons-logging\commons-logging\1.2\commons-logging-1.2.jar;C:\Users\Venkat\.m2\repository\org\rauschig\jarchivelib\0.8.0\jarchivelib-0.8.0.jar;C:\Users\Venkat\.m2\repository\org\jsoup\jsoup\1.11.3\jsoup-1.11.3.jar;C:\Users\Venkat\.m2\repository\org\seleniumhq\selenium\selenium-java\3.141.59\selenium-java-3.141.59.jar;C:\Users\Venkat\.m2\repository\org\seleniumhq\selenium\selenium-api\3.141.59\selenium-api-3.141.59.jar;C:\Users\Venkat\.m2\repository\org\seleniumhq\selenium\selenium-chrome-driver\3.141.59\selenium-chrome-driver-3.141.59.jar;C:\Users\Venkat\.m2\repository\org\seleniumhq\selenium\selenium-edge-driver\3.141.59\selenium-edge-driver-3.141.59.jar;C:\Users\Venkat\.m2\repository\org\seleniumhq\selenium\selenium-firefox-driver\3.141.59\selenium-firefox-driver-3.141.59.jar;C:\Users\Venkat\.m2\repository\org\seleniumhq\selenium\selenium-ie-driver\3.141.59\selenium-ie-driver-3.141.59.jar;C:\Users\Venkat\.m2\repository\org\seleniumhq\selenium\selenium-opera-driver\3.141.59\selenium-opera-driver-3.141.59.jar;C:\Users\Venkat\.m2\repository\org\seleniumhq\selenium\selenium-remote-driver\3.141.59\selenium-remote-driver-3.141.59.jar;C:\Users\Venkat\.m2\repository\org\seleniumhq\selenium\selenium-safari-driver\3.141.59\selenium-safari-driver-3.141.59.jar;C:\Users\Venkat\.m2\repository\org\seleniumhq\selenium\selenium-support\3.141.59\selenium-support-3.141.59.jar;C:\Users\Venkat\.m2\repository\net\bytebuddy\byte-buddy\1.8.15\byte-buddy-1.8.15.jar;C:\Users\Venkat\.m2\repository\org\apache\commons\commons-exec\1.3\commons-exec-1.3.jar;C:\Users\Venkat\.m2\repository\com\google\guava\guava\25.0-jre\guava-25.0-jre.jar;C:\Users\Venkat\.m2\repository\com\google\code\findbugs\jsr305\1.3.9\jsr305-1.3.9.jar;C:\Users\Venkat\.m2\repository\org\checkerframework\checker-compat-qual\2.0.0\checker-compat-qual-2.0.0.jar;C:\Users\Venkat\.m2\repository\com\google\errorprone\error_prone_annotations\2.1.3\error_prone_annotations-2.1.3.jar;C:\Users\Venkat\.m2\repository\com\google\j2objc\j2objc-annotations\1.1\j2objc-annotations-1.1.jar;C:\Users\Venkat\.m2\repository\org\codehaus\mojo\animal-sniffer-annotations\1.14\animal-sniffer-annotations-1.14.jar;C:\Users\Venkat\.m2\repository\com\squareup\okhttp3\okhttp\3.11.0\okhttp-3.11.0.jar;C:\Users\Venkat\.m2\repository\com\squareup\okio\okio\1.14.0\okio-1.14.0.jar;C:\Users\Venkat\.m2\repository\org\apache\poi\poi\4.1.0\poi-4.1.0.jar;C:\Users\Venkat\.m2\repository\commons-codec\commons-codec\1.12\commons-codec-1.12.jar;C:\Users\Venkat\.m2\repository\org\apache\commons\commons-collections4\4.3\commons-collections4-4.3.jar;C:\Users\Venkat\.m2\repository\org\apache\commons\commons-math3\3.6.1\commons-math3-3.6.1.jar;C:\Users\Venkat\.m2\repository\org\apache\poi\poi-ooxml\4.1.0\poi-ooxml-4.1.0.jar;C:\Users\Venkat\.m2\repository\org\apache\poi\poi-ooxml-schemas\4.1.0\poi-ooxml-schemas-4.1.0.jar;C:\Users\Venkat\.m2\repository\org\apache\xmlbeans\xmlbeans\3.1.0\xmlbeans-3.1.0.jar;C:\Users\Venkat\.m2\repository\org\apache\commons\commons-compress\1.18\commons-compress-1.18.jar;C:\Users\Venkat\.m2\repository\com\github\virtuald\curvesapi\1.06\curvesapi-1.06.jar;C:\Users\Venkat\.m2\repository\com\microsoft\sqlserver\mssql-jdbc\6.1.0.jre8\mssql-jdbc-6.1.0.jre8.jar;C:\Users\Venkat\.m2\repository\com\microsoft\azure\azure-keyvault\0.9.3\azure-keyvault-0.9.3.jar;C:\Users\Venkat\.m2\repository\com\microsoft\azure\azure-core\0.9.3\azure-core-0.9.3.jar;C:\Users\Venkat\.m2\repository\commons-lang\commons-lang\2.6\commons-lang-2.6.jar;C:\Users\Venkat\.m2\repository\javax\mail\mail\1.4.5\mail-1.4.5.jar;C:\Users\Venkat\.m2\repository\javax\activation\activation\1.1\activation-1.1.jar;C:\Users\Venkat\.m2\repository\com\sun\jersey\jersey-client\1.13\jersey-client-1.13.jar;C:\Users\Venkat\.m2\repository\com\sun\jersey\jersey-core\1.13\jersey-core-1.13.jar;C:\Users\Venkat\.m2\repository\com\sun\jersey\jersey-json\1.13\jersey-json-1.13.jar;C:\Users\Venkat\.m2\repository\org\codehaus\jettison\jettison\1.1\jettison-1.1.jar;C:\Users\Venkat\.m2\repository\stax\stax-api\1.0.1\stax-api-1.0.1.jar;C:\Users\Venkat\.m2\repository\com\sun\xml\bind\jaxb-impl\2.2.3-1\jaxb-impl-2.2.3-1.jar;C:\Users\Venkat\.m2\repository\javax\xml\bind\jaxb-api\2.2.2\jaxb-api-2.2.2.jar;C:\Users\Venkat\.m2\repository\javax\xml\stream\stax-api\1.0-2\stax-api-1.0-2.jar;C:\Users\Venkat\.m2\repository\org\codehaus\jackson\jackson-core-asl\1.9.2\jackson-core-asl-1.9.2.jar;C:\Users\Venkat\.m2\repository\org\codehaus\jackson\jackson-mapper-asl\1.9.2\jackson-mapper-asl-1.9.2.jar;C:\Users\Venkat\.m2\repository\org\codehaus\jackson\jackson-jaxrs\1.9.2\jackson-jaxrs-1.9.2.jar;C:\Users\Venkat\.m2\repository\org\codehaus\jackson\jackson-xc\1.9.2\jackson-xc-1.9.2.jar;C:\Users\Venkat\.m2\repository\javax\inject\javax.inject\1\javax.inject-1.jar;C:\Users\Venkat\.m2\repository\com\microsoft\azure\adal4j\1.0.0\adal4j-1.0.0.jar;C:\Users\Venkat\.m2\repository\com\nimbusds\oauth2-oidc-sdk\4.5\oauth2-oidc-sdk-4.5.jar;C:\Users\Venkat\.m2\repository\net\jcip\jcip-annotations\1.0\jcip-annotations-1.0.jar;C:\Users\Venkat\.m2\repository\net\minidev\json-smart\1.1.1\json-smart-1.1.1.jar;C:\Users\Venkat\.m2\repository\com\nimbusds\lang-tag\1.4\lang-tag-1.4.jar;C:\Users\Venkat\.m2\repository\com\nimbusds\nimbus-jose-jwt\3.1.2\nimbus-jose-jwt-3.1.2.jar;C:\Users\Venkat\.m2\repository\org\bouncycastle\bcprov-jdk15on\1.51\bcprov-jdk15on-1.51.jar;"/>
    <property name="java.vm.vendor" value="Oracle Corporation"/>
    <property name="sun.arch.data.model" value="64"/>
    <property name="user.variant" value=""/>
    <property name="java.vendor.url" value="http://java.oracle.com/"/>
    <property name="user.timezone" value="Asia/Calcutta"/>
    <property name="java.vm.specification.version" value="1.8"/>
    <property name="os.name" value="Windows 10"/>
    <property name="user.country" value="IN"/>
    <property name="sun.java.launcher" value="SUN_STANDARD"/>
    <property name="sun.boot.library.path" value="C:\Program Files\Java\jre1.8.0_131\bin"/>
    <property name="sun.java.command" value="C:\Users\Venkat\AppData\Local\Temp\surefire895421690533973476\surefirebooter1263938025186824735.jar C:\Users\Venkat\AppData\Local\Temp\surefire895421690533973476 2021-05-24T09-04-46_095-jvmRun1 surefire1362022588167710140tmp surefire_03253546767550652774tmp"/>
    <property name="surefire.test.class.path" value="D:\Google Drive\Selenium ClassRoom Training\Selenium30\Programs\mvnDemo\target\test-classes;D:\Google Drive\Selenium ClassRoom Training\Selenium30\Programs\mvnDemo\target\classes;C:\Users\Venkat\.m2\repository\org\testng\testng\7.0.0\testng-7.0.0.jar;C:\Users\Venkat\.m2\repository\com\beust\jcommander\1.72\jcommander-1.72.jar;C:\Users\Venkat\.m2\repository\io\github\bonigarcia\webdrivermanager\3.0.0\webdrivermanager-3.0.0.jar;C:\Users\Venkat\.m2\repository\org\slf4j\slf4j-api\1.7.25\slf4j-api-1.7.25.jar;C:\Users\Venkat\.m2\repository\commons-io\commons-io\2.6\commons-io-2.6.jar;C:\Users\Venkat\.m2\repository\com\google\code\gson\gson\2.8.5\gson-2.8.5.jar;C:\Users\Venkat\.m2\repository\org\apache\commons\commons-lang3\3.7\commons-lang3-3.7.jar;C:\Users\Venkat\.m2\repository\org\apache\httpcomponents\httpclient\4.5.5\httpclient-4.5.5.jar;C:\Users\Venkat\.m2\repository\org\apache\httpcomponents\httpcore\4.4.9\httpcore-4.4.9.jar;C:\Users\Venkat\.m2\repository\commons-logging\commons-logging\1.2\commons-logging-1.2.jar;C:\Users\Venkat\.m2\repository\org\rauschig\jarchivelib\0.8.0\jarchivelib-0.8.0.jar;C:\Users\Venkat\.m2\repository\org\jsoup\jsoup\1.11.3\jsoup-1.11.3.jar;C:\Users\Venkat\.m2\repository\org\seleniumhq\selenium\selenium-java\3.141.59\selenium-java-3.141.59.jar;C:\Users\Venkat\.m2\repository\org\seleniumhq\selenium\selenium-api\3.141.59\selenium-api-3.141.59.jar;C:\Users\Venkat\.m2\repository\org\seleniumhq\selenium\selenium-chrome-driver\3.141.59\selenium-chrome-driver-3.141.59.jar;C:\Users\Venkat\.m2\repository\org\seleniumhq\selenium\selenium-edge-driver\3.141.59\selenium-edge-driver-3.141.59.jar;C:\Users\Venkat\.m2\repository\org\seleniumhq\selenium\selenium-firefox-driver\3.141.59\selenium-firefox-driver-3.141.59.jar;C:\Users\Venkat\.m2\repository\org\seleniumhq\selenium\selenium-ie-driver\3.141.59\selenium-ie-driver-3.141.59.jar;C:\Users\Venkat\.m2\repository\org\seleniumhq\selenium\selenium-opera-driver\3.141.59\selenium-opera-driver-3.141.59.jar;C:\Users\Venkat\.m2\repository\org\seleniumhq\selenium\selenium-remote-driver\3.141.59\selenium-remote-driver-3.141.59.jar;C:\Users\Venkat\.m2\repository\org\seleniumhq\selenium\selenium-safari-driver\3.141.59\selenium-safari-driver-3.141.59.jar;C:\Users\Venkat\.m2\repository\org\seleniumhq\selenium\selenium-support\3.141.59\selenium-support-3.141.59.jar;C:\Users\Venkat\.m2\repository\net\bytebuddy\byte-buddy\1.8.15\byte-buddy-1.8.15.jar;C:\Users\Venkat\.m2\repository\org\apache\commons\commons-exec\1.3\commons-exec-1.3.jar;C:\Users\Venkat\.m2\repository\com\google\guava\guava\25.0-jre\guava-25.0-jre.jar;C:\Users\Venkat\.m2\repository\com\google\code\findbugs\jsr305\1.3.9\jsr305-1.3.9.jar;C:\Users\Venkat\.m2\repository\org\checkerframework\checker-compat-qual\2.0.0\checker-compat-qual-2.0.0.jar;C:\Users\Venkat\.m2\repository\com\google\errorprone\error_prone_annotations\2.1.3\error_prone_annotations-2.1.3.jar;C:\Users\Venkat\.m2\repository\com\google\j2objc\j2objc-annotations\1.1\j2objc-annotations-1.1.jar;C:\Users\Venkat\.m2\repository\org\codehaus\mojo\animal-sniffer-annotations\1.14\animal-sniffer-annotations-1.14.jar;C:\Users\Venkat\.m2\repository\com\squareup\okhttp3\okhttp\3.11.0\okhttp-3.11.0.jar;C:\Users\Venkat\.m2\repository\com\squareup\okio\okio\1.14.0\okio-1.14.0.jar;C:\Users\Venkat\.m2\repository\org\apache\poi\poi\4.1.0\poi-4.1.0.jar;C:\Users\Venkat\.m2\repository\commons-codec\commons-codec\1.12\commons-codec-1.12.jar;C:\Users\Venkat\.m2\repository\org\apache\commons\commons-collections4\4.3\commons-collections4-4.3.jar;C:\Users\Venkat\.m2\repository\org\apache\commons\commons-math3\3.6.1\commons-math3-3.6.1.jar;C:\Users\Venkat\.m2\repository\org\apache\poi\poi-ooxml\4.1.0\poi-ooxml-4.1.0.jar;C:\Users\Venkat\.m2\repository\org\apache\poi\poi-ooxml-schemas\4.1.0\poi-ooxml-schemas-4.1.0.jar;C:\Users\Venkat\.m2\repository\org\apache\xmlbeans\xmlbeans\3.1.0\xmlbeans-3.1.0.jar;C:\Users\Venkat\.m2\repository\org\apache\commons\commons-compress\1.18\commons-compress-1.18.jar;C:\Users\Venkat\.m2\repository\com\github\virtuald\curvesapi\1.06\curvesapi-1.06.jar;C:\Users\Venkat\.m2\repository\com\microsoft\sqlserver\mssql-jdbc\6.1.0.jre8\mssql-jdbc-6.1.0.jre8.jar;C:\Users\Venkat\.m2\repository\com\microsoft\azure\azure-keyvault\0.9.3\azure-keyvault-0.9.3.jar;C:\Users\Venkat\.m2\repository\com\microsoft\azure\azure-core\0.9.3\azure-core-0.9.3.jar;C:\Users\Venkat\.m2\repository\commons-lang\commons-lang\2.6\commons-lang-2.6.jar;C:\Users\Venkat\.m2\repository\javax\mail\mail\1.4.5\mail-1.4.5.jar;C:\Users\Venkat\.m2\repository\javax\activation\activation\1.1\activation-1.1.jar;C:\Users\Venkat\.m2\repository\com\sun\jersey\jersey-client\1.13\jersey-client-1.13.jar;C:\Users\Venkat\.m2\repository\com\sun\jersey\jersey-core\1.13\jersey-core-1.13.jar;C:\Users\Venkat\.m2\repository\com\sun\jersey\jersey-json\1.13\jersey-json-1.13.jar;C:\Users\Venkat\.m2\repository\org\codehaus\jettison\jettison\1.1\jettison-1.1.jar;C:\Users\Venkat\.m2\repository\stax\stax-api\1.0.1\stax-api-1.0.1.jar;C:\Users\Venkat\.m2\repository\com\sun\xml\bind\jaxb-impl\2.2.3-1\jaxb-impl-2.2.3-1.jar;C:\Users\Venkat\.m2\repository\javax\xml\bind\jaxb-api\2.2.2\jaxb-api-2.2.2.jar;C:\Users\Venkat\.m2\repository\javax\xml\stream\stax-api\1.0-2\stax-api-1.0-2.jar;C:\Users\Venkat\.m2\repository\org\codehaus\jackson\jackson-core-asl\1.9.2\jackson-core-asl-1.9.2.jar;C:\Users\Venkat\.m2\repository\org\codehaus\jackson\jackson-mapper-asl\1.9.2\jackson-mapper-asl-1.9.2.jar;C:\Users\Venkat\.m2\repository\org\codehaus\jackson\jackson-jaxrs\1.9.2\jackson-jaxrs-1.9.2.jar;C:\Users\Venkat\.m2\repository\org\codehaus\jackson\jackson-xc\1.9.2\jackson-xc-1.9.2.jar;C:\Users\Venkat\.m2\repository\javax\inject\javax.inject\1\javax.inject-1.jar;C:\Users\Venkat\.m2\repository\com\microsoft\azure\adal4j\1.0.0\adal4j-1.0.0.jar;C:\Users\Venkat\.m2\repository\com\nimbusds\oauth2-oidc-sdk\4.5\oauth2-oidc-sdk-4.5.jar;C:\Users\Venkat\.m2\repository\net\jcip\jcip-annotations\1.0\jcip-annotations-1.0.jar;C:\Users\Venkat\.m2\repository\net\minidev\json-smart\1.1.1\json-smart-1.1.1.jar;C:\Users\Venkat\.m2\repository\com\nimbusds\lang-tag\1.4\lang-tag-1.4.jar;C:\Users\Venkat\.m2\repository\com\nimbusds\nimbus-jose-jwt\3.1.2\nimbus-jose-jwt-3.1.2.jar;C:\Users\Venkat\.m2\repository\org\bouncycastle\bcprov-jdk15on\1.51\bcprov-jdk15on-1.51.jar;"/>
    <property name="sun.cpu.endian" value="little"/>
    <property name="user.home" value="C:\Users\Venkat"/>
    <property name="user.language" value="en"/>
    <property name="java.specification.vendor" value="Oracle Corporation"/>
    <property name="java.home" value="C:\Program Files\Java\jre1.8.0_131"/>
    <property name="basedir" value="D:\Google Drive\Selenium ClassRoom Training\Selenium30\Programs\mvnDemo"/>
    <property name="file.separator" value="\"/>
    <property name="line.separator" value="&#10;"/>
    <property name="java.vm.specification.vendor" value="Oracle Corporation"/>
    <property name="java.specification.name" value="Java Platform API Specification"/>
    <property name="java.awt.graphicsenv" value="sun.awt.Win32GraphicsEnvironment"/>
    <property name="surefire.real.class.path" value="C:\Users\Venkat\AppData\Local\Temp\surefire895421690533973476\surefirebooter1263938025186824735.jar"/>
    <property name="sun.boot.class.path" value="C:\Program Files\Java\jre1.8.0_131\lib\resources.jar;C:\Program Files\Java\jre1.8.0_131\lib\rt.jar;C:\Program Files\Java\jre1.8.0_131\lib\sunrsasign.jar;C:\Program Files\Java\jre1.8.0_131\lib\jsse.jar;C:\Program Files\Java\jre1.8.0_131\lib\jce.jar;C:\Program Files\Java\jre1.8.0_131\lib\charsets.jar;C:\Program Files\Java\jre1.8.0_131\lib\jfr.jar;C:\Program Files\Java\jre1.8.0_131\classes"/>
    <property name="user.script" value=""/>
    <property name="sun.management.compiler" value="HotSpot 64-Bit Tiered Compilers"/>
    <property name="java.runtime.version" value="1.8.0_131-b11"/>
    <property name="user.name" value="Venkat"/>
    <property name="path.separator" value=";"/>
    <property name="os.version" value="10.0"/>
    <property name="java.endorsed.dirs" value="C:\Program Files\Java\jre1.8.0_131\lib\endorsed"/>
    <property name="java.runtime.name" value="Java(TM) SE Runtime Environment"/>
    <property name="file.encoding" value="Cp1252"/>
    <property name="java.vm.name" value="Java HotSpot(TM) 64-Bit Server VM"/>
    <property name="localRepository" value="C:\Users\Venkat\.m2\repository"/>
    <property name="java.vendor.url.bug" value="http://bugreport.sun.com/bugreport/"/>
    <property name="java.io.tmpdir" value="C:\Users\Venkat\AppData\Local\Temp\"/>
    <property name="java.version" value="1.8.0_131"/>
    <property name="user.dir" value="D:\Google Drive\Selenium ClassRoom Training\Selenium30\Programs\mvnDemo"/>
    <property name="os.arch" value="amd64"/>
    <property name="java.vm.specification.name" value="Java Virtual Machine Specification"/>
    <property name="java.awt.printerjob" value="sun.awt.windows.WPrinterJob"/>
    <property name="sun.os.patch.level" value=""/>
    <property name="java.library.path" value="C:\Program Files\Java\jre1.8.0_131\bin;C:\WINDOWS\Sun\Java\bin;C:\WINDOWS\system32;C:\WINDOWS;C:\Users\Venkat\.jenkins\tools\hudson.tasks.Maven_MavenInstallation\Maven_S_w/bin;C:\ProgramData\Oracle\Java\javapath;C:\oraclexe\app\oracle\product\10.2.0\server\bin;C:\Program Files\Microsoft MPI\Bin\;C:\WINDOWS\system32;C:\WINDOWS;C:\WINDOWS\System32\Wbem;C:\WINDOWS\System32\WindowsPowerShell\v1.0\;C:\Program Files (x86)\Microsoft SQL Server\130\Tools\Binn\;C:\Program Files\Microsoft SQL Server\130\Tools\Binn\;C:\Program Files (x86)\Microsoft SQL Server\130\DTS\Binn\;C:\Program Files\Microsoft SQL Server\130\DTS\Binn\;C:\Program Files\Microsoft SQL Server\Client SDK\ODBC\130\Tools\Binn\;C:\Program Files (x86)\Microsoft SQL Server\Client SDK\ODBC\130\Tools\Binn\;C:\Program Files (x86)\Microsoft SQL Server\140\Tools\Binn\;C:\Program Files (x86)\Microsoft SQL Server\140\DTS\Binn\;C:\Program Files (x86)\Microsoft SQL Server\140\Tools\Binn\ManagementStudio\;C:\Program Files (x86)\Windows Kits\8.1\Windows Performance Toolkit\;C:\Program Files\Microsoft SQL Server\110\Tools\Binn\;C:\Program Files (x86)\Microsoft SDKs\TypeScript\1.0\;C:\Program Files\Microsoft SQL Server\120\Tools\Binn\;C:\Program Files\Microsoft\Web Platform Installer\;C:\WINDOWS\system32\config\systemprofile\.dnx\bin;C:\Program Files\Microsoft DNX\Dnvm\;C:\Program Files (x86)\Microsoft SQL Server\120\Tools\Binn\ManagementStudio\;C:\Program Files (x86)\Microsoft SQL Server\120\Tools\Binn\;C:\Program Files (x86)\Microsoft Visual Studio 12.0\Common7\IDE\PrivateAssemblies\;C:\Program Files (x86)\Microsoft SQL Server\120\DTS\Binn\;C:\Program Files (x86)\Microsoft SQL Server\110\Tools\Binn\;C:\Program Files (x86)\Microsoft SQL Server\110\Tools\Binn\ManagementStudio\;C:\Program Files (x86)\Microsoft Visual Studio 10.0\Common7\IDE\PrivateAssemblies\;C:\Program Files (x86)\Microsoft SQL Server\110\DTS\Binn\;c:\Program Files (x86)\Microsoft SQL Server\100\Tools\Binn\;c:\Program Files\Microsoft SQL Server\100\Tools\Binn\;C:\Android;C:\Windows\System32;C:\WINDOWS\System32\OpenSSH\;C:\SelSoft\apache-maven-3.6.0-bin\bin;C:\Users\Venkat\AppData\Local\Android\Sdk\tools;C:\Users\Venkat\AppData\Local\Android\Sdk\platform-tools\bin;C:\Users\Venkat\AppData\Local\Android\Sdk\build-tools\28.0.3;C:\Program Files\Java\jdk1.8.0_131\bin;C:\Program Files (x86)\ATI Technologies\ATI.ACE\Core-Static;C:\Program Files\Git\cmd;C:\Users\Venkat\AppData\Local\Microsoft\WindowsApps;C:\Users\Venkat\AppData\Local\Android\Sdk\build-tools\28.0.3;;."/>
    <property name="java.vm.info" value="mixed mode"/>
    <property name="java.vendor" value="Oracle Corporation"/>
    <property name="java.vm.version" value="25.131-b11"/>
    <property name="java.ext.dirs" value="C:\Program Files\Java\jre1.8.0_131\lib\ext;C:\WINDOWS\Sun\Java\lib\ext"/>
    <property name="sun.io.unicode.encoding" value="UnicodeLittle"/>
    <property name="java.class.version" value="52.0"/>
  </properties>
  <testcase name="Search" classname="myDemos.MyTest" time="48.27">
    <failure message="no such element: Unable to locate element: {&quot;method&quot;:&quot;css selector&quot;,&quot;selector&quot;:&quot;#gh\-catjhghjg&quot;}&#10;  (Session info: chrome=90.0.4430.212)&#10;For documentation on this error, please visit: https://www.seleniumhq.org/exceptions/no_such_element.html&#10;Build info: version: &apos;3.141.59&apos;, revision: &apos;e82be7d358&apos;, time: &apos;2018-11-14T08:17:03&apos;&#10;System info: host: &apos;VENKAT&apos;, ip: &apos;192.168.29.95&apos;, os.name: &apos;Windows 10&apos;, os.arch: &apos;amd64&apos;, os.version: &apos;10.0&apos;, java.version: &apos;1.8.0_131&apos;&#10;Driver info: org.openqa.selenium.chrome.ChromeDriver&#10;Capabilities {acceptInsecureCerts: false, browserName: chrome, browserVersion: 90.0.4430.212, chrome: {chromedriverVersion: 89.0.4389.23 (61b08ee2c5002..., userDataDir: C:\Users\Venkat\AppData\Loc...}, goog:chromeOptions: {debuggerAddress: localhost:3611}, javascriptEnabled: true, networkConnectionEnabled: false, pageLoadStrategy: normal, platform: WINDOWS, platformName: WINDOWS, proxy: Proxy(), setWindowRect: true, strictFileInteractability: false, timeouts: {implicit: 0, pageLoad: 300000, script: 30000}, unhandledPromptBehavior: dismiss and notify, webauthn:extension:largeBlob: true, webauthn:virtualAuthenticators: true}&#10;Session ID: 1aeee73740a257525959a75121377255&#10;*** Element info: {Using=id, value=gh-catjhghjg}" type="org.openqa.selenium.NoSuchElementException">org.openqa.selenium.NoSuchElementException: 
no such element: Unable to locate element: {"method":"css selector","selector":"#gh\-catjhghjg"}
  (Session info: chrome=90.0.4430.212)
For documentation on this error, please visit: https://www.seleniumhq.org/exceptions/no_such_element.html
Build info: version: '3.141.59', revision: 'e82be7d358', time: '2018-11-14T08:17:03'
System info: host: 'VENKAT', ip: '192.168.29.95', os.name: 'Windows 10', os.arch: 'amd64', os.version: '10.0', java.version: '1.8.0_131'
Driver info: org.openqa.selenium.chrome.ChromeDriver
Capabilities {acceptInsecureCerts: false, browserName: chrome, browserVersion: 90.0.4430.212, chrome: {chromedriverVersion: 89.0.4389.23 (61b08ee2c5002..., userDataDir: C:\Users\Venkat\AppData\Loc...}, goog:chromeOptions: {debuggerAddress: localhost:3611}, javascriptEnabled: true, networkConnectionEnabled: false, pageLoadStrategy: normal, platform: WINDOWS, platformName: WINDOWS, proxy: Proxy(), setWindowRect: true, strictFileInteractability: false, timeouts: {implicit: 0, pageLoad: 300000, script: 30000}, unhandledPromptBehavior: dismiss and notify, webauthn:extension:largeBlob: true, webauthn:virtualAuthenticators: true}
Session ID: 1aeee73740a257525959a75121377255
*** Element info: {Using=id, value=gh-catjhghjg}
	at myDemos.MyTest.Search(MyTest.java:22)
</failure>
    <system-err><![CDATA[SLF4J: Failed to load class "org.slf4j.impl.StaticLoggerBinder".
SLF4J: Defaulting to no-operation (NOP) logger implementation
SLF4J: See http://www.slf4j.org/codes.html#StaticLoggerBinder for further details.
Starting ChromeDriver 89.0.4389.23 (61b08ee2c50024bab004e48d2b1b083cdbdac579-refs/branch-heads/4389@{#294}) on port 28671
Only local connections are allowed.
Please see https://chromedriver.chromium.org/security-considerations for suggestions on keeping ChromeDriver safe.
ChromeDriver was started successfully.
[1621827359.513][WARNING]: This version of ChromeDriver has not been tested with Chrome version 90.
May 24, 2021 9:06:01 AM org.openqa.selenium.remote.ProtocolHandshake createSession
INFO: Detected dialect: W3C
]]></system-err>
  </testcase>
</testsuite>