<?xml version="1.0" encoding="UTF-8"?>
<!-- Generated by org.testng.reporters.JUnitReportReporter -->
<testsuite skipped="0" hostname="VENKAT" name="myDemos.MyTest" tests="1" failures="0" timestamp="2021-05-17T13:12:23 IST" time="58.170" errors="0">
  <testcase name="Search" time="58.170" classname="myDemos.MyTest"/>
</testsuite> <!-- myDemos.MyTest -->
