<?xml version="1.0" encoding="UTF-8"?>
<!-- Generated by org.testng.reporters.JUnitReportReporter -->
<testsuite skipped="0" hostname="VENKAT" name="ddfDemos.DDFwithDB" tests="2" failures="0" timestamp="2021-05-17T08:49:31 IST" time="120.502" errors="0">
  <testcase name="catSearch" time="51.335" classname="ddfDemos.DDFwithDB"/>
  <testcase name="catSearch" time="69.167" classname="ddfDemos.DDFwithDB"/>
</testsuite> <!-- ddfDemos.DDFwithDB -->
