<?xml version="1.0" encoding="UTF-8"?>
<!-- Generated by org.testng.reporters.JUnitReportReporter -->
<testsuite skipped="0" hostname="VENKAT" name="pomTests.EbayProdCatSearchTest" tests="1" failures="0" timestamp="2021-04-29T08:14:27 IST" time="58.452" errors="0">
  <testcase name="catSearch" time="58.452" classname="pomTests.EbayProdCatSearchTest"/>
</testsuite> <!-- pomTests.EbayProdCatSearchTest -->
