<?xml version="1.0" encoding="UTF-8"?>
<!-- Generated by org.testng.reporters.JUnitReportReporter -->
<testsuite skipped="0" hostname="VENKAT" name="pomTests.POMProdCatSearchTest" tests="1" failures="0" timestamp="2021-04-29T08:45:34 IST" time="74.249" errors="0">
  <testcase name="catSearch" time="74.249" classname="pomTests.POMProdCatSearchTest"/>
</testsuite> <!-- pomTests.POMProdCatSearchTest -->
