<?xml version="1.0" encoding="UTF-8"?>
<!-- Generated by org.testng.reporters.JUnitReportReporter -->
<testsuite skipped="0" hostname="VENKAT" name="myDemos.LoginTest" tests="1" failures="0" timestamp="2021-05-22T17:54:18 IST" time="33.776" errors="0">
  <testcase name="login" time="33.776" classname="myDemos.LoginTest"/>
</testsuite> <!-- myDemos.LoginTest -->
