<?xml version="1.0" encoding="UTF-8"?>
<!-- Generated by org.testng.reporters.JUnitReportReporter -->
<testsuite skipped="0" hostname="VENKAT" name="ddfDemos.DDFEbayProdSearchTest" tests="2" failures="0" timestamp="2021-05-03T08:30:56 IST" time="106.644" errors="0">
  <testcase name="prodSearch" time="34.091" classname="ddfDemos.DDFEbayProdSearchTest"/>
  <testcase name="prodSearch" time="72.553" classname="ddfDemos.DDFEbayProdSearchTest"/>
</testsuite> <!-- ddfDemos.DDFEbayProdSearchTest -->
