<?xml version="1.0" encoding="UTF-8"?>
<!-- Generated by org.testng.reporters.JUnitReportReporter -->
<testsuite skipped="0" hostname="VENKAT" name="hybridDemos.HybridEbayProdCatSearchTest" tests="2" failures="0" timestamp="2021-05-04T08:16:59 IST" time="63.332" errors="0">
  <testcase name="catSearch" time="25.258" classname="hybridDemos.HybridEbayProdCatSearchTest"/>
  <testcase name="catSearch" time="38.074" classname="hybridDemos.HybridEbayProdCatSearchTest"/>
</testsuite> <!-- hybridDemos.HybridEbayProdCatSearchTest -->
