<?xml version="1.0" encoding="UTF-8"?>
<!-- Generated by org.testng.reporters.JUnitReportReporter -->
<testsuite skipped="0" hostname="VENKAT" name="ddfDemos.DDFEbayProdCatSearchTest" tests="2" failures="0" timestamp="2021-05-03T08:42:58 IST" time="182.912" errors="0">
  <testcase name="catSearch" time="144.148" classname="ddfDemos.DDFEbayProdCatSearchTest"/>
  <testcase name="catSearch" time="38.764" classname="ddfDemos.DDFEbayProdCatSearchTest"/>
</testsuite> <!-- ddfDemos.DDFEbayProdCatSearchTest -->
