<?xml version="1.0" encoding="UTF-8"?>
<!-- Generated by org.testng.reporters.JUnitReportReporter -->
<testsuite skipped="0" hostname="VENKAT" name="pomTests.EbayProdSearchTest" tests="1" failures="0" timestamp="2021-04-29T08:10:59 IST" time="44.529" errors="0">
  <testcase name="prodSearch" time="44.529" classname="pomTests.EbayProdSearchTest"/>
</testsuite> <!-- pomTests.EbayProdSearchTest -->
