<?xml version="1.0" encoding="UTF-8"?>
<!-- Generated by org.testng.reporters.JUnitReportReporter -->
<testsuite skipped="0" hostname="VENKAT" name="pomTests.POMEbayProdSearchTest" tests="1" failures="0" timestamp="2021-04-29T08:41:53 IST" time="43.397" errors="0">
  <testcase name="prodSearch" time="43.397" classname="pomTests.POMEbayProdSearchTest"/>
</testsuite> <!-- pomTests.POMEbayProdSearchTest -->
