<?xml version="1.0" encoding="UTF-8"?>
<!-- Generated by org.testng.reporters.JUnitReportReporter -->
<testsuite skipped="0" hostname="VENKAT" name="kwdfDemos.MyTest" tests="1" failures="0" timestamp="2021-05-04T08:57:12 IST" time="33.232" errors="0">
  <testcase name="SampleTest" time="33.232" classname="kwdfDemos.MyTest"/>
</testsuite> <!-- kwdfDemos.MyTest -->
